<?xml version="1.0" encoding="UTF-8"?>
<coverage generated="1497216814453" clover="3.2.0">
  <project timestamp="1497216814454" name="All files">
    <metrics statements="6" coveredstatements="6" conditionals="1" coveredconditionals="1" methods="3" coveredmethods="2" elements="10" coveredelements="9" complexity="0" loc="6" ncloc="6" packages="2" files="3" classes="3">
      <package name="React-Redux-Native-Base-Seed">
        <metrics statements="3" coveredstatements="3" conditionals="0" coveredconditionals="0" methods="2" coveredmethods="1"/>
        <file name="index.ios.js" path="/home/josh/Documents/JayVee/Labs/Products/React-Redux-Native-Base-Seed/index.ios.js">
          <metrics statements="3" coveredstatements="3" conditionals="0" coveredconditionals="0" methods="2" coveredmethods="1"/>
          <line num="17" count="1" type="stmt"/>
          <line num="34" count="1" type="stmt"/>
          <line num="53" count="1" type="stmt"/>
        </file>
      </package>
      <package name="React-Redux-Native-Base-Seed.src.services">
        <metrics statements="3" coveredstatements="3" conditionals="1" coveredconditionals="1" methods="1" coveredmethods="1"/>
        <file name="header.service.js" path="/home/josh/Documents/JayVee/Labs/Products/React-Redux-Native-Base-Seed/src/services/header.service.js">
          <metrics statements="1" coveredstatements="1" conditionals="1" coveredconditionals="1" methods="1" coveredmethods="1"/>
          <line num="9" count="2" type="stmt"/>
        </file>
        <file name="styles.constants.js" path="/home/josh/Documents/JayVee/Labs/Products/React-Redux-Native-Base-Seed/src/services/styles.constants.js">
          <metrics statements="2" coveredstatements="2" conditionals="0" coveredconditionals="0" methods="0" coveredmethods="0"/>
          <line num="1" count="2" type="stmt"/>
          <line num="8" count="2" type="stmt"/>
        </file>
      </package>
    </metrics>
  </project>
</coverage>
