{"/home/josh/Documents/JayVee/Labs/Products/React-Redux-Native-Base-Seed/index.ios.js": {"path":"/home/josh/Documents/JayVee/Labs/Products/React-Redux-Native-Base-Seed/index.ios.js","statementMap":{"0":{"start":{"line":17,"column":4},"end":{"line":30,"column":6}},"1":{"start":{"line":34,"column":15},"end":{"line":51,"column":2}},"2":{"start":{"line":53,"column":0},"end":{"line":53,"column":48}},"3":{"start":{"line":53,"column":43},"end":{"line":53,"column":46}}},"fnMap":{"0":{"name":"(anonymous_0)","decl":{"start":{"line":16,"column":2},"end":{"line":16,"column":3}},"loc":{"start":{"line":16,"column":11},"end":{"line":31,"column":3}},"line":16},"1":{"name":"(anonymous_1)","decl":{"start":{"line":53,"column":37},"end":{"line":53,"column":38}},"loc":{"start":{"line":53,"column":43},"end":{"line":53,"column":46}},"line":53}},"branchMap":{},"s":{"0":1,"1":1,"2":1,"3":0},"f":{"0":1,"1":0},"b":{},"_coverageSchema":"332fd63041d2c1bcb487cc26dd0d5f7d97098a6c","hash":"f82f78ee8b4f4edcd83b9744d4547e651c909996"}
,"/home/josh/Documents/JayVee/Labs/Products/React-Redux-Native-Base-Seed/src/services/header.service.js": {"path":"/home/josh/Documents/JayVee/Labs/Products/React-Redux-Native-Base-Seed/src/services/header.service.js","statementMap":{"0":{"start":{"line":9,"column":2},"end":{"line":15,"column":3}}},"fnMap":{"0":{"name":"getHeaderStylesAndSetTitle","decl":{"start":{"line":8,"column":9},"end":{"line":8,"column":35}},"loc":{"start":{"line":8,"column":60},"end":{"line":16,"column":1}},"line":8}},"branchMap":{"0":{"loc":{"start":{"line":8,"column":36},"end":{"line":8,"column":58}},"type":"default-arg","locations":[{"start":{"line":8,"column":44},"end":{"line":8,"column":58}}],"line":8}},"s":{"0":2},"f":{"0":2},"b":{"0":[1]},"_coverageSchema":"332fd63041d2c1bcb487cc26dd0d5f7d97098a6c","hash":"875e5eb2fe8ef88171b628b5fa6a042560c7e353"}
,"/home/josh/Documents/JayVee/Labs/Products/React-Redux-Native-Base-Seed/src/services/styles.constants.js": {"path":"/home/josh/Documents/JayVee/Labs/Products/React-Redux-Native-Base-Seed/src/services/styles.constants.js","statementMap":{"0":{"start":{"line":1,"column":25},"end":{"line":6,"column":1}},"1":{"start":{"line":8,"column":0},"end":{"line":8,"column":32}}},"fnMap":{},"branchMap":{},"s":{"0":2,"1":2},"f":{},"b":{},"_coverageSchema":"332fd63041d2c1bcb487cc26dd0d5f7d97098a6c","hash":"7cf35cd283d417eeab32fb6bc2270af05c2341dc"}
}
