TN:
SF:/home/josh/Documents/JayVee/Labs/Products/React-Redux-Native-Base-Seed/index.ios.js
FN:16,(anonymous_0)
FN:53,(anonymous_1)
FNF:2
FNH:1
FNDA:1,(anonymous_0)
FNDA:0,(anonymous_1)
DA:17,1
DA:34,1
DA:53,1
LF:3
LH:3
BRF:0
BRH:0
end_of_record
TN:
SF:/home/josh/Documents/JayVee/Labs/Products/React-Redux-Native-Base-Seed/src/services/header.service.js
FN:8,getHeaderStylesAndSetTitle
FNF:1
FNH:1
FNDA:2,getHeaderStylesAndSetTitle
DA:9,2
LF:1
LH:1
BRDA:8,0,0,1
BRF:1
BRH:1
end_of_record
TN:
SF:/home/josh/Documents/JayVee/Labs/Products/React-Redux-Native-Base-Seed/src/services/styles.constants.js
FNF:0
FNH:0
DA:1,2
DA:8,2
LF:2
LH:2
BRF:0
BRH:0
end_of_record
